This file contains any messages produced by compilers while
running configure, to aid debugging if configure makes a mistake.

It was created by libpmsdr configure 2.5.1, which was
generated by GNU Autoconf 2.65.  Invocation command line was

  $ ./configure 

## --------- ##
## Platform. ##
## --------- ##

hostname = alberto-ThinkPad-X230-2
uname -m = x86_64
uname -r = 5.15.0-113-generic
uname -s = Linux
uname -v = #123-Ubuntu SMP Mon Jun 10 08:16:17 UTC 2024

/usr/bin/uname -p = x86_64
/bin/uname -X     = unknown

/bin/arch              = x86_64
/usr/bin/arch -k       = unknown
/usr/convex/getsysinfo = unknown
/usr/bin/hostinfo      = unknown
/bin/machine           = unknown
/usr/bin/oslevel       = unknown
/bin/universe          = unknown

PATH: /home/alberto/.local/bin
PATH: /home/alberto/.local/bin
PATH: /usr/local/sbin
PATH: /usr/local/bin
PATH: /usr/sbin
PATH: /usr/bin
PATH: /sbin
PATH: /bin
PATH: /usr/games
PATH: /usr/local/games
PATH: /snap/bin


## ----------- ##
## Core tests. ##
## ----------- ##

configure:2527: checking for a BSD-compatible install
configure:2595: result: /usr/bin/install -c
configure:2606: checking whether build environment is sane
configure:2656: result: yes
configure:2797: checking for a thread-safe mkdir -p
configure:2836: result: /usr/bin/mkdir -p
configure:2849: checking for gawk
configure:2879: result: no
configure:2849: checking for mawk
configure:2865: found /usr/bin/mawk
configure:2876: result: mawk
configure:2887: checking whether make sets $(MAKE)
configure:2909: result: yes
configure:3046: checking for gcc
configure:3062: found /usr/bin/gcc
configure:3073: result: gcc
configure:3302: checking for C compiler version
configure:3311: gcc --version >&5
gcc (Ubuntu 11.4.0-1ubuntu1~22.04) 11.4.0
Copyright (C) 2021 Free Software Foundation, Inc.
This is free software; see the source for copying conditions.  There is NO
warranty; not even for MERCHANTABILITY or FITNESS FOR A PARTICULAR PURPOSE.

configure:3322: $? = 0
configure:3311: gcc -v >&5
Using built-in specs.
COLLECT_GCC=gcc
COLLECT_LTO_WRAPPER=/usr/lib/gcc/x86_64-linux-gnu/11/lto-wrapper
OFFLOAD_TARGET_NAMES=nvptx-none:amdgcn-amdhsa
OFFLOAD_TARGET_DEFAULT=1
Target: x86_64-linux-gnu
Configured with: ../src/configure -v --with-pkgversion='Ubuntu 11.4.0-1ubuntu1~22.04' --with-bugurl=file:///usr/share/doc/gcc-11/README.Bugs --enable-languages=c,ada,c++,go,brig,d,fortran,objc,obj-c++,m2 --prefix=/usr --with-gcc-major-version-only --program-suffix=-11 --program-prefix=x86_64-linux-gnu- --enable-shared --enable-linker-build-id --libexecdir=/usr/lib --without-included-gettext --enable-threads=posix --libdir=/usr/lib --enable-nls --enable-bootstrap --enable-clocale=gnu --enable-libstdcxx-debug --enable-libstdcxx-time=yes --with-default-libstdcxx-abi=new --enable-gnu-unique-object --disable-vtable-verify --enable-plugin --enable-default-pie --with-system-zlib --enable-libphobos-checking=release --with-target-system-zlib=auto --enable-objc-gc=auto --enable-multiarch --disable-werror --enable-cet --with-arch-32=i686 --with-abi=m64 --with-multilib-list=m32,m64,mx32 --enable-multilib --with-tune=generic --enable-offload-targets=nvptx-none=/build/gcc-11-XeT9lY/gcc-11-11.4.0/debian/tmp-nvptx/usr,amdgcn-amdhsa=/build/gcc-11-XeT9lY/gcc-11-11.4.0/debian/tmp-gcn/usr --without-cuda-driver --enable-checking=release --build=x86_64-linux-gnu --host=x86_64-linux-gnu --target=x86_64-linux-gnu --with-build-config=bootstrap-lto-lean --enable-link-serialization=2
Thread model: posix
Supported LTO compression algorithms: zlib zstd
gcc version 11.4.0 (Ubuntu 11.4.0-1ubuntu1~22.04) 
... rest of stderr output deleted ...
configure:3322: $? = 0
configure:3311: gcc -V >&5
gcc: error: unrecognized command-line option '-V'
gcc: fatal error: no input files
compilation terminated.
configure:3322: $? = 1
configure:3311: gcc -qversion >&5
gcc: error: unrecognized command-line option '-qversion'; did you mean '--version'?
gcc: fatal error: no input files
compilation terminated.
configure:3322: $? = 1
configure:3342: checking whether the C compiler works
configure:3364: gcc    conftest.c  >&5
configure:3368: $? = 0
configure:3417: result: yes
configure:3420: checking for C compiler default output file name
configure:3422: result: a.out
configure:3428: checking for suffix of executables
configure:3435: gcc -o conftest    conftest.c  >&5
configure:3439: $? = 0
configure:3461: result: 
configure:3483: checking whether we are cross compiling
configure:3491: gcc -o conftest    conftest.c  >&5
configure:3495: $? = 0
configure:3502: ./conftest
configure:3506: $? = 0
configure:3521: result: no
configure:3526: checking for suffix of object files
configure:3548: gcc -c   conftest.c >&5
configure:3552: $? = 0
configure:3573: result: o
configure:3577: checking whether we are using the GNU C compiler
configure:3596: gcc -c   conftest.c >&5
configure:3596: $? = 0
configure:3605: result: yes
configure:3614: checking whether gcc accepts -g
configure:3634: gcc -c -g  conftest.c >&5
configure:3634: $? = 0
configure:3675: result: yes
configure:3692: checking for gcc option to accept ISO C89
configure:3756: gcc  -c -g -O2  conftest.c >&5
configure:3756: $? = 0
configure:3769: result: none needed
configure:3800: checking for style of include used by make
configure:3828: result: GNU
configure:3853: checking dependency style of gcc
configure:3963: result: gcc3
configure:4008: checking build system type
configure:4022: result: x86_64-unknown-linux-gnu
configure:4042: checking host system type
configure:4055: result: x86_64-unknown-linux-gnu
configure:4075: checking for a sed that does not truncate output
configure:4139: result: /usr/bin/sed
configure:4157: checking for grep that handles long lines and -e
configure:4215: result: /usr/bin/grep
configure:4220: checking for egrep
configure:4282: result: /usr/bin/grep -E
configure:4287: checking for fgrep
configure:4349: result: /usr/bin/grep -F
configure:4384: checking for ld used by gcc
configure:4451: result: /usr/bin/ld
configure:4458: checking if the linker (/usr/bin/ld) is GNU ld
configure:4473: result: yes
configure:4485: checking for BSD- or MS-compatible name lister (nm)
configure:4534: result: /usr/bin/nm -B
configure:4652: checking the name lister (/usr/bin/nm -B) interface
configure:4659: gcc -c -g -O2  conftest.c >&5
configure:4662: /usr/bin/nm -B "conftest.o"
configure:4665: output
0000000000000000 B some_variable
configure:4672: result: BSD nm
configure:4675: checking whether ln -s works
configure:4679: result: yes
configure:4687: checking the maximum length of command line arguments
configure:4807: result: 1572864
configure:4824: checking whether the shell understands some XSI constructs
configure:4834: result: yes
configure:4838: checking whether the shell understands "+="
configure:4844: result: yes
configure:4879: checking for /usr/bin/ld option to reload object files
configure:4886: result: -r
configure:4955: checking for objdump
configure:4971: found /usr/bin/objdump
configure:4982: result: objdump
configure:5014: checking how to recognize dependent libraries
configure:5210: result: pass_all
configure:5270: checking for ar
configure:5286: found /usr/bin/ar
configure:5297: result: ar
configure:5375: checking for strip
configure:5391: found /usr/bin/strip
configure:5402: result: strip
configure:5474: checking for ranlib
configure:5490: found /usr/bin/ranlib
configure:5501: result: ranlib
configure:5591: checking command to parse /usr/bin/nm -B output from gcc object
configure:5709: gcc -c -g -O2  conftest.c >&5
configure:5712: $? = 0
configure:5716: /usr/bin/nm -B conftest.o \| sed -n -e 's/^.*[	 ]\([ABCDGIRSTW][ABCDGIRSTW]*\)[	 ][	 ]*\([_A-Za-z][_A-Za-z0-9]*\)$/\1 \2 \2/p' \> conftest.nm
configure:5719: $? = 0
configure:5773: gcc -o conftest -g -O2   conftest.c conftstm.o >&5
configure:5776: $? = 0
configure:5814: result: ok
configure:5910: gcc -c -g -O2  conftest.c >&5
configure:5913: $? = 0
configure:6623: checking how to run the C preprocessor
configure:6654: gcc -E  conftest.c
configure:6654: $? = 0
configure:6668: gcc -E  conftest.c
conftest.c:11:10: fatal error: ac_nonexistent.h: No such file or directory
   11 | #include <ac_nonexistent.h>
      |          ^~~~~~~~~~~~~~~~~~
compilation terminated.
configure:6668: $? = 1
configure: failed program was:
| /* confdefs.h */
| #define PACKAGE_NAME "libpmsdr"
| #define PACKAGE_TARNAME "libpmsdr"
| #define PACKAGE_VERSION "2.5.1"
| #define PACKAGE_STRING "libpmsdr 2.5.1"
| #define PACKAGE_BUGREPORT "andrew@montefusco.com"
| #define PACKAGE_URL ""
| #define PACKAGE "pmsdr"
| #define VERSION "2.5.1"
| /* end confdefs.h.  */
| #include <ac_nonexistent.h>
configure:6693: result: gcc -E
configure:6713: gcc -E  conftest.c
configure:6713: $? = 0
configure:6727: gcc -E  conftest.c
conftest.c:11:10: fatal error: ac_nonexistent.h: No such file or directory
   11 | #include <ac_nonexistent.h>
      |          ^~~~~~~~~~~~~~~~~~
compilation terminated.
configure:6727: $? = 1
configure: failed program was:
| /* confdefs.h */
| #define PACKAGE_NAME "libpmsdr"
| #define PACKAGE_TARNAME "libpmsdr"
| #define PACKAGE_VERSION "2.5.1"
| #define PACKAGE_STRING "libpmsdr 2.5.1"
| #define PACKAGE_BUGREPORT "andrew@montefusco.com"
| #define PACKAGE_URL ""
| #define PACKAGE "pmsdr"
| #define VERSION "2.5.1"
| /* end confdefs.h.  */
| #include <ac_nonexistent.h>
configure:6756: checking for ANSI C header files
configure:6776: gcc -c -g -O2  conftest.c >&5
configure:6776: $? = 0
configure:6849: gcc -o conftest -g -O2   conftest.c  >&5
configure:6849: $? = 0
configure:6849: ./conftest
configure:6849: $? = 0
configure:6860: result: yes
configure:6873: checking for sys/types.h
configure:6873: gcc -c -g -O2  conftest.c >&5
configure:6873: $? = 0
configure:6873: result: yes
configure:6873: checking for sys/stat.h
configure:6873: gcc -c -g -O2  conftest.c >&5
configure:6873: $? = 0
configure:6873: result: yes
configure:6873: checking for stdlib.h
configure:6873: gcc -c -g -O2  conftest.c >&5
configure:6873: $? = 0
configure:6873: result: yes
configure:6873: checking for string.h
configure:6873: gcc -c -g -O2  conftest.c >&5
configure:6873: $? = 0
configure:6873: result: yes
configure:6873: checking for memory.h
configure:6873: gcc -c -g -O2  conftest.c >&5
configure:6873: $? = 0
configure:6873: result: yes
configure:6873: checking for strings.h
configure:6873: gcc -c -g -O2  conftest.c >&5
configure:6873: $? = 0
configure:6873: result: yes
configure:6873: checking for inttypes.h
configure:6873: gcc -c -g -O2  conftest.c >&5
configure:6873: $? = 0
configure:6873: result: yes
configure:6873: checking for stdint.h
configure:6873: gcc -c -g -O2  conftest.c >&5
configure:6873: $? = 0
configure:6873: result: yes
configure:6873: checking for unistd.h
configure:6873: gcc -c -g -O2  conftest.c >&5
configure:6873: $? = 0
configure:6873: result: yes
configure:6888: checking for dlfcn.h
configure:6888: gcc -c -g -O2  conftest.c >&5
configure:6888: $? = 0
configure:6888: result: yes
configure:7072: checking for objdir
configure:7087: result: .libs
configure:7379: checking if gcc supports -fno-rtti -fno-exceptions
configure:7397: gcc -c -g -O2  -fno-rtti -fno-exceptions conftest.c >&5
cc1: warning: command-line option '-fno-rtti' is valid for C++/D/ObjC++ but not for C
configure:7401: $? = 0
configure:7414: result: no
configure:7434: checking for gcc option to produce PIC
configure:7706: result: -fPIC -DPIC
configure:7718: checking if gcc PIC flag -fPIC -DPIC works
configure:7736: gcc -c -g -O2  -fPIC -DPIC -DPIC conftest.c >&5
configure:7740: $? = 0
configure:7753: result: yes
configure:7777: checking if gcc static flag -static works
configure:7805: result: yes
configure:7820: checking if gcc supports -c -o file.o
configure:7841: gcc -c -g -O2  -o out/conftest2.o conftest.c >&5
configure:7845: $? = 0
configure:7867: result: yes
configure:7875: checking if gcc supports -c -o file.o
configure:7922: result: yes
configure:7955: checking whether the gcc linker (/usr/bin/ld -m elf_x86_64) supports shared libraries
configure:8946: result: yes
configure:8983: checking whether -lc should be explicitly linked in
configure:8988: gcc -c -g -O2  conftest.c >&5
configure:8991: $? = 0
configure:9006: gcc -shared conftest.o  -v -Wl,-soname -Wl,conftest -o conftest 2\>\&1 \| /usr/bin/grep  -lc  \>/dev/null 2\>\&1
configure:9009: $? = 0
configure:9021: result: no
configure:9185: checking dynamic linker characteristics
configure:9618: gcc -o conftest -g -O2   -Wl,-rpath -Wl,/foo conftest.c  >&5
configure:9618: $? = 0
configure:9848: result: GNU/Linux ld.so
configure:9950: checking how to hardcode library paths into programs
configure:9975: result: immediate
configure:10495: checking whether stripping libraries is possible
configure:10500: result: yes
configure:10535: checking if libtool supports shared libraries
configure:10537: result: yes
configure:10540: checking whether to build shared libraries
configure:10561: result: yes
configure:10564: checking whether to build static libraries
configure:10568: result: yes
configure:10612: Platform LINUX: x86_64-unknown-linux-gnu
configure:10663: checking for floor, ceil in -lm
configure:10688: gcc -o conftest -g -O2   conftest.c -lm   >&5
conftest.c:30:6: warning: built-in function 'floor' declared as non-function [-Wbuiltin-declaration-mismatch]
   30 | char floor, ceil ();
      |      ^~~~~
conftest.c:30:13: warning: conflicting types for built-in function 'ceil'; expected 'double(double)' [-Wbuiltin-declaration-mismatch]
   30 | char floor, ceil ();
      |             ^~~~
conftest.c:1:1: note: 'ceil' is declared in header '<math.h>'
    1 | /* confdefs.h */
configure:10688: $? = 0
configure:10697: result: yes
configure:10708: checking for pthread_create in -lpthread
configure:10733: gcc -o conftest -g -O2   conftest.c -lpthread  -lm  >&5
configure:10733: $? = 0
configure:10742: result: yes
configure:10753: checking for main in -lreadline
configure:10772: gcc -o conftest -g -O2   conftest.c -lreadline  -lpthread -lm  >&5
configure:10772: $? = 0
configure:10781: result: yes
configure:10792: checking for initscr in -lncurses
configure:10817: gcc -o conftest -g -O2   conftest.c -lncurses  -lreadline -lpthread -lm  >&5
configure:10817: $? = 0
configure:10826: result: yes
configure:10837: checking for libusb_init in -lusb-1.0
configure:10862: gcc -o conftest -g -O2   conftest.c -lusb-1.0  -lncurses -lreadline -lpthread -lm  >&5
configure:10862: $? = 0
configure:10871: result: yes
configure:10887: checking for dlopen in -ldl
configure:10912: gcc -o conftest -g -O2   conftest.c -ldl  -lusb-1.0 -lncurses -lreadline -lpthread -lm  >&5
configure:10912: $? = 0
configure:10921: result: yes
configure:10935: checking for ANSI C header files
configure:11039: result: yes
configure:11050: checking for stdlib.h
configure:11050: result: yes
configure:11050: checking for string.h
configure:11050: result: yes
configure:11050: checking for unistd.h
configure:11050: result: yes
configure:11050: checking stdbool.h usability
configure:11050: gcc -c -g -O2  conftest.c >&5
configure:11050: $? = 0
configure:11050: result: yes
configure:11050: checking stdbool.h presence
configure:11050: gcc -E  conftest.c
configure:11050: $? = 0
configure:11050: result: yes
configure:11050: checking for stdbool.h
configure:11050: result: yes
configure:11063: checking for int16_t
configure:11063: gcc -c -g -O2  conftest.c >&5
configure:11063: $? = 0
configure:11063: gcc -c -g -O2  conftest.c >&5
conftest.c: In function 'main':
conftest.c:71:12: error: size of array 'test_array' is negative
   71 | static int test_array [1 - 2 * !((int16_t) (((((int16_t) 1 << N) << N) - 1) * 2 + 1)
      |            ^~~~~~~~~~
configure:11063: $? = 1
configure: failed program was:
| /* confdefs.h */
| #define PACKAGE_NAME "libpmsdr"
| #define PACKAGE_TARNAME "libpmsdr"
| #define PACKAGE_VERSION "2.5.1"
| #define PACKAGE_STRING "libpmsdr 2.5.1"
| #define PACKAGE_BUGREPORT "andrew@montefusco.com"
| #define PACKAGE_URL ""
| #define PACKAGE "pmsdr"
| #define VERSION "2.5.1"
| #define STDC_HEADERS 1
| #define HAVE_SYS_TYPES_H 1
| #define HAVE_SYS_STAT_H 1
| #define HAVE_STDLIB_H 1
| #define HAVE_STRING_H 1
| #define HAVE_MEMORY_H 1
| #define HAVE_STRINGS_H 1
| #define HAVE_INTTYPES_H 1
| #define HAVE_STDINT_H 1
| #define HAVE_UNISTD_H 1
| #define HAVE_DLFCN_H 1
| #define LT_OBJDIR ".libs/"
| #define HAVE_LIBM 1
| #define HAVE_LIBPTHREAD 1
| #define HAVE_LIBREADLINE 1
| #define HAVE_LIBNCURSES 1
| #define HAVE_LIBUSB_1_0 1
| #define HAVE_LIBDL 1
| #define STDC_HEADERS 1
| #define HAVE_STDLIB_H 1
| #define HAVE_STRING_H 1
| #define HAVE_UNISTD_H 1
| #define HAVE_STDBOOL_H 1
| /* end confdefs.h.  */
| #include <stdio.h>
| #ifdef HAVE_SYS_TYPES_H
| # include <sys/types.h>
| #endif
| #ifdef HAVE_SYS_STAT_H
| # include <sys/stat.h>
| #endif
| #ifdef STDC_HEADERS
| # include <stdlib.h>
| # include <stddef.h>
| #else
| # ifdef HAVE_STDLIB_H
| #  include <stdlib.h>
| # endif
| #endif
| #ifdef HAVE_STRING_H
| # if !defined STDC_HEADERS && defined HAVE_MEMORY_H
| #  include <memory.h>
| # endif
| # include <string.h>
| #endif
| #ifdef HAVE_STRINGS_H
| # include <strings.h>
| #endif
| #ifdef HAVE_INTTYPES_H
| # include <inttypes.h>
| #endif
| #ifdef HAVE_STDINT_H
| # include <stdint.h>
| #endif
| #ifdef HAVE_UNISTD_H
| # include <unistd.h>
| #endif
| 	        enum { N = 16 / 2 - 1 };
| int
| main ()
| {
| static int test_array [1 - 2 * !((int16_t) (((((int16_t) 1 << N) << N) - 1) * 2 + 1)
| 		 < (int16_t) (((((int16_t) 1 << N) << N) - 1) * 2 + 2))];
| test_array [0] = 0
| 
|   ;
|   return 0;
| }
configure:11063: result: yes
configure:11074: checking for int32_t
configure:11074: gcc -c -g -O2  conftest.c >&5
configure:11074: $? = 0
configure:11074: gcc -c -g -O2  conftest.c >&5
conftest.c: In function 'main':
conftest.c:72:67: warning: integer overflow in expression of type 'int' results in '-2147483648' [-Woverflow]
   72 |                  < (int32_t) (((((int32_t) 1 << N) << N) - 1) * 2 + 2))];
      |                                                                   ^
conftest.c:71:12: error: storage size of 'test_array' isn't constant
   71 | static int test_array [1 - 2 * !((int32_t) (((((int32_t) 1 << N) << N) - 1) * 2 + 1)
      |            ^~~~~~~~~~
configure:11074: $? = 1
configure: failed program was:
| /* confdefs.h */
| #define PACKAGE_NAME "libpmsdr"
| #define PACKAGE_TARNAME "libpmsdr"
| #define PACKAGE_VERSION "2.5.1"
| #define PACKAGE_STRING "libpmsdr 2.5.1"
| #define PACKAGE_BUGREPORT "andrew@montefusco.com"
| #define PACKAGE_URL ""
| #define PACKAGE "pmsdr"
| #define VERSION "2.5.1"
| #define STDC_HEADERS 1
| #define HAVE_SYS_TYPES_H 1
| #define HAVE_SYS_STAT_H 1
| #define HAVE_STDLIB_H 1
| #define HAVE_STRING_H 1
| #define HAVE_MEMORY_H 1
| #define HAVE_STRINGS_H 1
| #define HAVE_INTTYPES_H 1
| #define HAVE_STDINT_H 1
| #define HAVE_UNISTD_H 1
| #define HAVE_DLFCN_H 1
| #define LT_OBJDIR ".libs/"
| #define HAVE_LIBM 1
| #define HAVE_LIBPTHREAD 1
| #define HAVE_LIBREADLINE 1
| #define HAVE_LIBNCURSES 1
| #define HAVE_LIBUSB_1_0 1
| #define HAVE_LIBDL 1
| #define STDC_HEADERS 1
| #define HAVE_STDLIB_H 1
| #define HAVE_STRING_H 1
| #define HAVE_UNISTD_H 1
| #define HAVE_STDBOOL_H 1
| /* end confdefs.h.  */
| #include <stdio.h>
| #ifdef HAVE_SYS_TYPES_H
| # include <sys/types.h>
| #endif
| #ifdef HAVE_SYS_STAT_H
| # include <sys/stat.h>
| #endif
| #ifdef STDC_HEADERS
| # include <stdlib.h>
| # include <stddef.h>
| #else
| # ifdef HAVE_STDLIB_H
| #  include <stdlib.h>
| # endif
| #endif
| #ifdef HAVE_STRING_H
| # if !defined STDC_HEADERS && defined HAVE_MEMORY_H
| #  include <memory.h>
| # endif
| # include <string.h>
| #endif
| #ifdef HAVE_STRINGS_H
| # include <strings.h>
| #endif
| #ifdef HAVE_INTTYPES_H
| # include <inttypes.h>
| #endif
| #ifdef HAVE_STDINT_H
| # include <stdint.h>
| #endif
| #ifdef HAVE_UNISTD_H
| # include <unistd.h>
| #endif
| 	        enum { N = 32 / 2 - 1 };
| int
| main ()
| {
| static int test_array [1 - 2 * !((int32_t) (((((int32_t) 1 << N) << N) - 1) * 2 + 1)
| 		 < (int32_t) (((((int32_t) 1 << N) << N) - 1) * 2 + 2))];
| test_array [0] = 0
| 
|   ;
|   return 0;
| }
configure:11074: result: yes
configure:11085: checking for ssize_t
configure:11085: gcc -c -g -O2  conftest.c >&5
configure:11085: $? = 0
configure:11085: gcc -c -g -O2  conftest.c >&5
conftest.c: In function 'main':
conftest.c:70:22: error: expected expression before ')' token
   70 | if (sizeof ((ssize_t)))
      |                      ^
configure:11085: $? = 1
configure: failed program was:
| /* confdefs.h */
| #define PACKAGE_NAME "libpmsdr"
| #define PACKAGE_TARNAME "libpmsdr"
| #define PACKAGE_VERSION "2.5.1"
| #define PACKAGE_STRING "libpmsdr 2.5.1"
| #define PACKAGE_BUGREPORT "andrew@montefusco.com"
| #define PACKAGE_URL ""
| #define PACKAGE "pmsdr"
| #define VERSION "2.5.1"
| #define STDC_HEADERS 1
| #define HAVE_SYS_TYPES_H 1
| #define HAVE_SYS_STAT_H 1
| #define HAVE_STDLIB_H 1
| #define HAVE_STRING_H 1
| #define HAVE_MEMORY_H 1
| #define HAVE_STRINGS_H 1
| #define HAVE_INTTYPES_H 1
| #define HAVE_STDINT_H 1
| #define HAVE_UNISTD_H 1
| #define HAVE_DLFCN_H 1
| #define LT_OBJDIR ".libs/"
| #define HAVE_LIBM 1
| #define HAVE_LIBPTHREAD 1
| #define HAVE_LIBREADLINE 1
| #define HAVE_LIBNCURSES 1
| #define HAVE_LIBUSB_1_0 1
| #define HAVE_LIBDL 1
| #define STDC_HEADERS 1
| #define HAVE_STDLIB_H 1
| #define HAVE_STRING_H 1
| #define HAVE_UNISTD_H 1
| #define HAVE_STDBOOL_H 1
| /* end confdefs.h.  */
| #include <stdio.h>
| #ifdef HAVE_SYS_TYPES_H
| # include <sys/types.h>
| #endif
| #ifdef HAVE_SYS_STAT_H
| # include <sys/stat.h>
| #endif
| #ifdef STDC_HEADERS
| # include <stdlib.h>
| # include <stddef.h>
| #else
| # ifdef HAVE_STDLIB_H
| #  include <stdlib.h>
| # endif
| #endif
| #ifdef HAVE_STRING_H
| # if !defined STDC_HEADERS && defined HAVE_MEMORY_H
| #  include <memory.h>
| # endif
| # include <string.h>
| #endif
| #ifdef HAVE_STRINGS_H
| # include <strings.h>
| #endif
| #ifdef HAVE_INTTYPES_H
| # include <inttypes.h>
| #endif
| #ifdef HAVE_STDINT_H
| # include <stdint.h>
| #endif
| #ifdef HAVE_UNISTD_H
| # include <unistd.h>
| #endif
| int
| main ()
| {
| if (sizeof ((ssize_t)))
| 	    return 0;
|   ;
|   return 0;
| }
configure:11085: result: yes
configure:11096: checking whether time.h and sys/time.h may both be included
configure:11116: gcc -c -g -O2  conftest.c >&5
configure:11116: $? = 0
configure:11123: result: yes
configure:11131: checking for uint16_t
configure:11131: gcc -c -g -O2  conftest.c >&5
configure:11131: $? = 0
configure:11131: result: yes
configure:11143: checking for uint32_t
configure:11143: gcc -c -g -O2  conftest.c >&5
configure:11143: $? = 0
configure:11143: result: yes
configure:11157: checking for uint8_t
configure:11157: gcc -c -g -O2  conftest.c >&5
configure:11157: $? = 0
configure:11157: result: yes
configure:11171: checking for working volatile
configure:11190: gcc -c -g -O2  conftest.c >&5
configure:11190: $? = 0
configure:11197: result: yes
configure:11209: checking for stdlib.h
configure:11209: result: yes
configure:11219: checking for GNU libc compatible malloc
configure:11243: gcc -o conftest -g -O2   conftest.c -ldl -lusb-1.0 -lncurses -lreadline -lpthread -lm  >&5
configure:11243: $? = 0
configure:11243: ./conftest
configure:11243: $? = 0
configure:11253: result: yes
configure:11276: checking for gettimeofday
configure:11276: gcc -o conftest -g -O2   conftest.c -ldl -lusb-1.0 -lncurses -lreadline -lpthread -lm  >&5
configure:11276: $? = 0
configure:11276: result: yes
configure:11412: creating ./config.status

## ---------------------- ##
## Running config.status. ##
## ---------------------- ##

This file was extended by libpmsdr config.status 2.5.1, which was
generated by GNU Autoconf 2.65.  Invocation command line was

  CONFIG_FILES    = 
  CONFIG_HEADERS  = 
  CONFIG_LINKS    = 
  CONFIG_COMMANDS = 
  $ ./config.status 

on alberto-ThinkPad-X230-2

config.status:1077: creating Makefile
config.status:1077: creating config.h
config.status:1297: executing depfiles commands
config.status:1297: executing libtool commands

## ---------------- ##
## Cache variables. ##
## ---------------- ##

ac_cv_build=x86_64-unknown-linux-gnu
ac_cv_c_compiler_gnu=yes
ac_cv_c_int16_t=yes
ac_cv_c_int32_t=yes
ac_cv_c_uint16_t=yes
ac_cv_c_uint32_t=yes
ac_cv_c_uint8_t=yes
ac_cv_c_volatile=yes
ac_cv_env_CC_set=
ac_cv_env_CC_value=
ac_cv_env_CFLAGS_set=
ac_cv_env_CFLAGS_value=
ac_cv_env_CPPFLAGS_set=
ac_cv_env_CPPFLAGS_value=
ac_cv_env_CPP_set=
ac_cv_env_CPP_value=
ac_cv_env_LDFLAGS_set=
ac_cv_env_LDFLAGS_value=
ac_cv_env_LIBS_set=
ac_cv_env_LIBS_value=
ac_cv_env_build_alias_set=
ac_cv_env_build_alias_value=
ac_cv_env_host_alias_set=
ac_cv_env_host_alias_value=
ac_cv_env_target_alias_set=
ac_cv_env_target_alias_value=
ac_cv_func_gettimeofday=yes
ac_cv_func_malloc_0_nonnull=yes
ac_cv_header_dlfcn_h=yes
ac_cv_header_inttypes_h=yes
ac_cv_header_memory_h=yes
ac_cv_header_stdbool_h=yes
ac_cv_header_stdc=yes
ac_cv_header_stdint_h=yes
ac_cv_header_stdlib_h=yes
ac_cv_header_string_h=yes
ac_cv_header_strings_h=yes
ac_cv_header_sys_stat_h=yes
ac_cv_header_sys_types_h=yes
ac_cv_header_time=yes
ac_cv_header_unistd_h=yes
ac_cv_host=x86_64-unknown-linux-gnu
ac_cv_lib_dl_dlopen=yes
ac_cv_lib_m_floor__ceil=yes
ac_cv_lib_ncurses_initscr=yes
ac_cv_lib_pthread_pthread_create=yes
ac_cv_lib_readline_main=yes
ac_cv_lib_usb_1_0_libusb_init=yes
ac_cv_objext=o
ac_cv_path_EGREP='/usr/bin/grep -E'
ac_cv_path_FGREP='/usr/bin/grep -F'
ac_cv_path_GREP=/usr/bin/grep
ac_cv_path_SED=/usr/bin/sed
ac_cv_path_install='/usr/bin/install -c'
ac_cv_path_mkdir=/usr/bin/mkdir
ac_cv_prog_AWK=mawk
ac_cv_prog_CPP='gcc -E'
ac_cv_prog_ac_ct_AR=ar
ac_cv_prog_ac_ct_CC=gcc
ac_cv_prog_ac_ct_OBJDUMP=objdump
ac_cv_prog_ac_ct_RANLIB=ranlib
ac_cv_prog_ac_ct_STRIP=strip
ac_cv_prog_cc_c89=
ac_cv_prog_cc_g=yes
ac_cv_prog_make_make_set=yes
ac_cv_type_ssize_t=yes
am_cv_CC_dependencies_compiler_type=gcc3
lt_cv_deplibs_check_method=pass_all
lt_cv_file_magic_cmd='$MAGIC_CMD'
lt_cv_file_magic_test_file=
lt_cv_ld_reload_flag=-r
lt_cv_nm_interface='BSD nm'
lt_cv_objdir=.libs
lt_cv_path_LD=/usr/bin/ld
lt_cv_path_NM='/usr/bin/nm -B'
lt_cv_prog_compiler_c_o=yes
lt_cv_prog_compiler_pic_works=yes
lt_cv_prog_compiler_rtti_exceptions=no
lt_cv_prog_compiler_static_works=yes
lt_cv_prog_gnu_ld=yes
lt_cv_sys_global_symbol_pipe='sed -n -e '\''s/^.*[	 ]\([ABCDGIRSTW][ABCDGIRSTW]*\)[	 ][	 ]*\([_A-Za-z][_A-Za-z0-9]*\)$/\1 \2 \2/p'\'''
lt_cv_sys_global_symbol_to_c_name_address='sed -n -e '\''s/^: \([^ ]*\) $/  {\"\1\", (void *) 0},/p'\'' -e '\''s/^[ABCDGIRSTW]* \([^ ]*\) \([^ ]*\)$/  {"\2", (void *) \&\2},/p'\'''
lt_cv_sys_global_symbol_to_c_name_address_lib_prefix='sed -n -e '\''s/^: \([^ ]*\) $/  {\"\1\", (void *) 0},/p'\'' -e '\''s/^[ABCDGIRSTW]* \([^ ]*\) \(lib[^ ]*\)$/  {"\2", (void *) \&\2},/p'\'' -e '\''s/^[ABCDGIRSTW]* \([^ ]*\) \([^ ]*\)$/  {"lib\2", (void *) \&\2},/p'\'''
lt_cv_sys_global_symbol_to_cdecl='sed -n -e '\''s/^T .* \(.*\)$/extern int \1();/p'\'' -e '\''s/^[ABCDGIRSTW]* .* \(.*\)$/extern char \1;/p'\'''
lt_cv_sys_max_cmd_len=1572864

## ----------------- ##
## Output variables. ##
## ----------------- ##

ACLOCAL='${SHELL} /home/alberto/Scaricati/pmsdr-2.5.1/missing --run aclocal-1.11'
AMDEPBACKSLASH='\'
AMDEP_FALSE='#'
AMDEP_TRUE=''
AMTAR='${SHELL} /home/alberto/Scaricati/pmsdr-2.5.1/missing --run tar'
AR='ar'
AUTOCONF='${SHELL} /home/alberto/Scaricati/pmsdr-2.5.1/missing --run autoconf'
AUTOHEADER='${SHELL} /home/alberto/Scaricati/pmsdr-2.5.1/missing --run autoheader'
AUTOMAKE='${SHELL} /home/alberto/Scaricati/pmsdr-2.5.1/missing --run automake-1.11'
AWK='mawk'
CC='gcc'
CCDEPMODE='depmode=gcc3'
CFLAGS='-g -O2'
CPP='gcc -E'
CPPFLAGS=''
CYGPATH_W='echo'
DEFS='-DHAVE_CONFIG_H'
DEPDIR='.deps'
DSYMUTIL=''
DUMPBIN=''
ECHO_C=''
ECHO_N='-n'
ECHO_T=''
EGREP='/usr/bin/grep -E'
EXEEXT=''
FGREP='/usr/bin/grep -F'
GREP='/usr/bin/grep'
INSTALL_DATA='${INSTALL} -m 644'
INSTALL_PROGRAM='${INSTALL}'
INSTALL_SCRIPT='${INSTALL}'
INSTALL_STRIP_PROGRAM='$(install_sh) -c -s'
LD='/usr/bin/ld -m elf_x86_64'
LDFLAGS=''
LIBOBJS=''
LIBS='-ldl -lusb-1.0 -lncurses -lreadline -lpthread -lm '
LIBTOOL='$(SHELL) $(top_builddir)/libtool'
LIPO=''
LN_S='ln -s'
LTLIBOBJS=''
MAKEINFO='${SHELL} /home/alberto/Scaricati/pmsdr-2.5.1/missing --run makeinfo'
MKDIR_P='/usr/bin/mkdir -p'
NM='/usr/bin/nm -B'
NMEDIT=''
OBJDUMP='objdump'
OBJEXT='o'
OTOOL64=''
OTOOL=''
PACKAGE='pmsdr'
PACKAGE_BUGREPORT='andrew@montefusco.com'
PACKAGE_NAME='libpmsdr'
PACKAGE_STRING='libpmsdr 2.5.1'
PACKAGE_TARNAME='libpmsdr'
PACKAGE_URL=''
PACKAGE_VERSION='2.5.1'
PATH_SEPARATOR=':'
RANLIB='ranlib'
SED='/usr/bin/sed'
SET_MAKE=''
SHELL='/bin/bash'
STRIP='strip'
VERSION='2.5.1'
ac_ct_CC='gcc'
ac_ct_DUMPBIN=''
am__EXEEXT_FALSE=''
am__EXEEXT_TRUE='#'
am__fastdepCC_FALSE='#'
am__fastdepCC_TRUE=''
am__include='include'
am__isrc=''
am__leading_dot='.'
am__quote=''
am__tar='${AMTAR} chof - "$$tardir"'
am__untar='${AMTAR} xf -'
bindir='${exec_prefix}/bin'
build='x86_64-unknown-linux-gnu'
build_alias=''
build_cpu='x86_64'
build_os='linux-gnu'
build_vendor='unknown'
datadir='${datarootdir}'
datarootdir='${prefix}/share'
docdir='${datarootdir}/doc/${PACKAGE_TARNAME}'
dvidir='${docdir}'
exec_prefix='${prefix}'
host='x86_64-unknown-linux-gnu'
host_alias=''
host_cpu='x86_64'
host_os='linux-gnu'
host_vendor='unknown'
htmldir='${docdir}'
includedir='${prefix}/include'
infodir='${datarootdir}/info'
install_sh='${SHELL} /home/alberto/Scaricati/pmsdr-2.5.1/install-sh'
libdir='${exec_prefix}/lib'
libexecdir='${exec_prefix}/libexec'
localedir='${datarootdir}/locale'
localstatedir='${prefix}/var'
lt_ECHO='echo'
mandir='${datarootdir}/man'
mkdir_p='/usr/bin/mkdir -p'
oldincludedir='/usr/include'
pdfdir='${docdir}'
prefix='/usr/local'
program_transform_name='s,x,x,'
psdir='${docdir}'
sbindir='${exec_prefix}/sbin'
sharedstatedir='${prefix}/com'
sysconfdir='${prefix}/etc'
target_alias=''

## ----------- ##
## confdefs.h. ##
## ----------- ##

/* confdefs.h */
#define PACKAGE_NAME "libpmsdr"
#define PACKAGE_TARNAME "libpmsdr"
#define PACKAGE_VERSION "2.5.1"
#define PACKAGE_STRING "libpmsdr 2.5.1"
#define PACKAGE_BUGREPORT "andrew@montefusco.com"
#define PACKAGE_URL ""
#define PACKAGE "pmsdr"
#define VERSION "2.5.1"
#define STDC_HEADERS 1
#define HAVE_SYS_TYPES_H 1
#define HAVE_SYS_STAT_H 1
#define HAVE_STDLIB_H 1
#define HAVE_STRING_H 1
#define HAVE_MEMORY_H 1
#define HAVE_STRINGS_H 1
#define HAVE_INTTYPES_H 1
#define HAVE_STDINT_H 1
#define HAVE_UNISTD_H 1
#define HAVE_DLFCN_H 1
#define LT_OBJDIR ".libs/"
#define HAVE_LIBM 1
#define HAVE_LIBPTHREAD 1
#define HAVE_LIBREADLINE 1
#define HAVE_LIBNCURSES 1
#define HAVE_LIBUSB_1_0 1
#define HAVE_LIBDL 1
#define STDC_HEADERS 1
#define HAVE_STDLIB_H 1
#define HAVE_STRING_H 1
#define HAVE_UNISTD_H 1
#define HAVE_STDBOOL_H 1
#define TIME_WITH_SYS_TIME 1
#define HAVE_STDLIB_H 1
#define HAVE_MALLOC 1
#define HAVE_GETTIMEOFDAY 1

configure: exit 0
